  exam3.c
C:\Users\YallaFactory\Desktop\재영의 작업공간\C공부 GitLab\example2\exam3.c(1,1): warning C4819: 현재 코드 페이지(949)에서 표시할 수 없는 문자가 파일에 들어 있습니다. 데이터가 손실되지 않게 하려면 해당 파일을 유니코드 형식으로 저장하십시오.
C:\Users\YallaFactory\Desktop\재영의 작업공간\C공부 GitLab\example2\exam3.c(61,8): warning C4013: 'printf'이(가) 정의되지 않았습니다. extern은 int형을 반환하는 것으로 간주합니다.
C:\Users\YallaFactory\Desktop\재영의 작업공간\C공부 GitLab\example2\exam3.c(76,8): warning C4013: 'memcpy'이(가) 정의되지 않았습니다. extern은 int형을 반환하는 것으로 간주합니다.
  main.c
C:\Users\YallaFactory\Desktop\재영의 작업공간\C공부 GitLab\example2\main.c(2,10): warning C4067: 전처리기 지시문 다음에 예기치 않은 토큰이 있습니다. 줄 바꿈 문자가 필요합니다.
C:\Users\YallaFactory\Desktop\재영의 작업공간\C공부 GitLab\example2\exam3.c(1,1): warning C4819: 현재 코드 페이지(949)에서 표시할 수 없는 문자가 파일에 들어 있습니다. 데이터가 손실되지 않게 하려면 해당 파일을 유니코드 형식으로 저장하십시오.
C:\Users\YallaFactory\Desktop\재영의 작업공간\C공부 GitLab\example2\exam3.c(61,9): warning C4477: 'printf' : 서식 문자열 '%8x'에 'unsigned int' 형식의 인수가 필요하지만 variadic 인수 1의 형식이 'A'입니다.
C:\Users\YallaFactory\Desktop\재영의 작업공간\C공부 GitLab\example2\exam3.c(61,9): warning C4477: 'printf' : 서식 문자열 '%8x'에 'unsigned int' 형식의 인수가 필요하지만 variadic 인수 2의 형식이 'A'입니다.
C:\Users\YallaFactory\Desktop\재영의 작업공간\C공부 GitLab\example2\exam3.c(61,9): warning C4477: 'printf' : 서식 문자열 '%8x'에 'unsigned int' 형식의 인수가 필요하지만 variadic 인수 3의 형식이 'A *'입니다.
C:\Users\YallaFactory\Desktop\재영의 작업공간\C공부 GitLab\example2\exam3.c(61,9): warning C4477: 'printf' : 서식 문자열 '%8x'에 'unsigned int' 형식의 인수가 필요하지만 variadic 인수 4의 형식이 'A *'입니다.
C:\Users\YallaFactory\Desktop\재영의 작업공간\C공부 GitLab\example2\exam3.c(69,9): warning C4477: 'printf' : 서식 문자열 '%8x'에 'unsigned int' 형식의 인수가 필요하지만 variadic 인수 1의 형식이 'A'입니다.
C:\Users\YallaFactory\Desktop\재영의 작업공간\C공부 GitLab\example2\exam3.c(69,9): warning C4477: 'printf' : 서식 문자열 '%8x'에 'unsigned int' 형식의 인수가 필요하지만 variadic 인수 2의 형식이 'A'입니다.
C:\Users\YallaFactory\Desktop\재영의 작업공간\C공부 GitLab\example2\exam3.c(69,9): warning C4477: 'printf' : 서식 문자열 '%8x'에 'unsigned int' 형식의 인수가 필요하지만 variadic 인수 3의 형식이 'A *'입니다.
C:\Users\YallaFactory\Desktop\재영의 작업공간\C공부 GitLab\example2\exam3.c(69,9): warning C4477: 'printf' : 서식 문자열 '%8x'에 'unsigned int' 형식의 인수가 필요하지만 variadic 인수 4의 형식이 'A *'입니다.
C:\Users\YallaFactory\Desktop\재영의 작업공간\C공부 GitLab\example2\exam3.c(76,8): warning C4013: 'memcpy'이(가) 정의되지 않았습니다. extern은 int형을 반환하는 것으로 간주합니다.
  코드를 생성하고 있습니다...
C:\Users\YallaFactory\Desktop\재영의 작업공간\C공부 GitLab\example2\exam3.c(52): warning C4172: 지역 변수 또는 임시: st_ptr의 주소를 반환하고 있습니다.
C:\Users\YallaFactory\Desktop\재영의 작업공간\C공부 GitLab\example2\exam3.c(52): warning C4172: 지역 변수 또는 임시: st_ptr의 주소를 반환하고 있습니다.
main.obj : error LNK2005: _Test1이(가) exam3.obj에 이미 정의되어 있습니다.
main.obj : error LNK2005: _Test2이(가) exam3.obj에 이미 정의되어 있습니다.
main.obj : error LNK2005: _Test3이(가) exam3.obj에 이미 정의되어 있습니다.
main.obj : error LNK2005: _Test4이(가) exam3.obj에 이미 정의되어 있습니다.
main.obj : error LNK2005: _exam3이(가) exam3.obj에 이미 정의되어 있습니다.
HexAsciiToDecimal.obj : error LNK2005: _main이(가) main.obj에 이미 정의되어 있습니다.
C:\Users\YallaFactory\Desktop\재영의 작업공간\C공부 GitLab\CStud\Debug\CStud.exe : fatal error LNK1169: 여러 번 정의된 기호가 있습니다.
